<?xml version="1.0" encoding="UTF-8"?>
<testng-results ignored="0" total="1" passed="1" failed="0" skipped="0">
  <reporter-output>
  </reporter-output>
  <suite started-at="2022-10-02T12:25:31 EDT" name="Suite" finished-at="2022-10-02T12:25:39 EDT" duration-ms="8524">
    <groups>
    </groups>
    <test started-at="2022-10-02T12:25:31 EDT" name="Test" finished-at="2022-10-02T12:25:39 EDT" duration-ms="8524">
      <class name="testLayer.WindowHandle">
        <test-method is-config="true" signature="preSetup()[pri:0, instance:testLayer.WindowHandle@61df66b6]" started-at="2022-10-02T12:25:31 EDT" name="preSetup" finished-at="2022-10-02T12:25:34 EDT" duration-ms="2700" status="PASS">
          <reporter-output>
          </reporter-output>
        </test-method> <!-- preSetup -->
        <test-method signature="windowHANDLE()[pri:0, instance:testLayer.WindowHandle@61df66b6]" started-at="2022-10-02T12:25:34 EDT" name="windowHANDLE" finished-at="2022-10-02T12:25:39 EDT" duration-ms="5397" status="PASS">
          <reporter-output>
          </reporter-output>
        </test-method> <!-- windowHANDLE -->
        <test-method is-config="true" signature="closeBrowser()[pri:0, instance:testLayer.WindowHandle@61df66b6]" started-at="2022-10-02T12:25:39 EDT" name="closeBrowser" finished-at="2022-10-02T12:25:39 EDT" duration-ms="399" status="PASS">
          <reporter-output>
          </reporter-output>
        </test-method> <!-- closeBrowser -->
      </class> <!-- testLayer.WindowHandle -->
    </test> <!-- Test -->
  </suite> <!-- Suite -->
</testng-results>
