<?xml version="1.0" encoding="UTF-8"?>
<testng-results ignored="0" total="1" passed="1" failed="0" skipped="0">
  <reporter-output>
  </reporter-output>
  <suite started-at="2022-10-02T11:44:57 EDT" name="Suite" finished-at="2022-10-02T11:45:07 EDT" duration-ms="10433">
    <groups>
    </groups>
    <test started-at="2022-10-02T11:44:57 EDT" name="Test" finished-at="2022-10-02T11:45:07 EDT" duration-ms="10433">
      <class name="testLayer.WindowHandle">
        <test-method is-config="true" signature="preSetup()[pri:0, instance:testLayer.WindowHandle@35d019a3]" started-at="2022-10-02T11:44:57 EDT" name="preSetup" finished-at="2022-10-02T11:45:00 EDT" duration-ms="3321" status="PASS">
          <reporter-output>
          </reporter-output>
        </test-method> <!-- preSetup -->
        <test-method signature="windowHANDLE()[pri:0, instance:testLayer.WindowHandle@35d019a3]" started-at="2022-10-02T11:45:00 EDT" name="windowHANDLE" finished-at="2022-10-02T11:45:07 EDT" duration-ms="6664" status="PASS">
          <reporter-output>
          </reporter-output>
        </test-method> <!-- windowHANDLE -->
        <test-method is-config="true" signature="closeBrowser()[pri:0, instance:testLayer.WindowHandle@35d019a3]" started-at="2022-10-02T11:45:07 EDT" name="closeBrowser" finished-at="2022-10-02T11:45:07 EDT" duration-ms="410" status="PASS">
          <reporter-output>
          </reporter-output>
        </test-method> <!-- closeBrowser -->
      </class> <!-- testLayer.WindowHandle -->
    </test> <!-- Test -->
  </suite> <!-- Suite -->
</testng-results>
